<?xml version="1.0" encoding="UTF-8"?>
<testsuite name="CoffeeMachineTest" tests="1" skipped="0" failures="0" errors="0" timestamp="2025-01-11T20:48:06" hostname="OSAMAHAYYAN" time="1.095">
  <properties/>
  <testcase name="start" classname="CoffeeMachineTest" time="1.095"/>
  <system-out><![CDATA[?[1;31m
Start test 1?[0m

Write action (buy, fill, take, remaining, exit):
> remaining

The coffee machine has:
400 of water
540 of milk
120 of coffee beans
9 of disposable cups
$550 of money

Write action (buy, fill, take, remaining, exit):
> fill

Write how many ml of water do you want to add:
> 3000
Write how many ml of milk do you want to add:
> 3000
Write how many grams of coffee beans do you want to add:
> 3000
Write how many disposable cups of coffee do you want to add:
> 3000


Write action (buy, fill, take, remaining, exit):
> remaining

The coffee machine has:
3400 of water
3540 of milk
3120 of coffee beans
3009 of disposable cups
$550 of money

Write action (buy, fill, take, remaining, exit):
> exit

?[1;31m
Start test 2?[0m

Write action (buy, fill, take, remaining, exit):
> remaining

The coffee machine has:
400 of water
540 of milk
120 of coffee beans
9 of disposable cups
$550 of money

Write action (buy, fill, take, remaining, exit):
> buy

What do you want to buy? 1 - espresso, 2 - latte, 3 - cappuccino, back - to main menu:
> 1
I have enough resources, making you a coffee!


Write action (buy, fill, take, remaining, exit):
> remaining

The coffee machine has:
150 of water
540 of milk
104 of coffee beans
8 of disposable cups
$554 of money

Write action (buy, fill, take, remaining, exit):
> exit

?[1;31m
Start test 3?[0m

Write action (buy, fill, take, remaining, exit):
> remaining

The coffee machine has:
400 of water
540 of milk
120 of coffee beans
9 of disposable cups
$550 of money

Write action (buy, fill, take, remaining, exit):
> buy

What do you want to buy? 1 - espresso, 2 - latte, 3 - cappuccino, back - to main menu:
> 2
I have enough resources, making you a coffee!


Write action (buy, fill, take, remaining, exit):
> remaining

The coffee machine has:
50 of water
465 of milk
100 of coffee beans
8 of disposable cups
$557 of money

Write action (buy, fill, take, remaining, exit):
> exit

?[1;31m
Start test 4?[0m

Write action (buy, fill, take, remaining, exit):
> remaining

The coffee machine has:
400 of water
540 of milk
120 of coffee beans
9 of disposable cups
$550 of money

Write action (buy, fill, take, remaining, exit):
> buy

What do you want to buy? 1 - espresso, 2 - latte, 3 - cappuccino, back - to main menu:
> 3
I have enough resources, making you a coffee!


Write action (buy, fill, take, remaining, exit):
> remaining

The coffee machine has:
200 of water
440 of milk
108 of coffee beans
8 of disposable cups
$556 of money

Write action (buy, fill, take, remaining, exit):
> exit

?[1;31m
Start test 5?[0m

Write action (buy, fill, take, remaining, exit):
> remaining

The coffee machine has:
400 of water
540 of milk
120 of coffee beans
9 of disposable cups
$550 of money

Write action (buy, fill, take, remaining, exit):
> take

I gave you $550

Write action (buy, fill, take, remaining, exit):
> remaining

The coffee machine has:
400 of water
540 of milk
120 of coffee beans
9 of disposable cups
$0 of money

Write action (buy, fill, take, remaining, exit):
> exit

?[1;31m
Start test 6?[0m

Write action (buy, fill, take, remaining, exit):
> remaining

The coffee machine has:
400 of water
540 of milk
120 of coffee beans
9 of disposable cups
$550 of money

Write action (buy, fill, take, remaining, exit):
> buy

What do you want to buy? 1 - espresso, 2 - latte, 3 - cappuccino, back - to main menu:
> back


Write action (buy, fill, take, remaining, exit):
> remaining

The coffee machine has:
400 of water
540 of milk
120 of coffee beans
9 of disposable cups
$550 of money

Write action (buy, fill, take, remaining, exit):
> exit

?[1;31m
Start test 7?[0m

Write action (buy, fill, take, remaining, exit):
> remaining

The coffee machine has:
400 of water
540 of milk
120 of coffee beans
9 of disposable cups
$550 of money

Write action (buy, fill, take, remaining, exit):
> buy

What do you want to buy? 1 - espresso, 2 - latte, 3 - cappuccino, back - to main menu:
> 2
I have enough resources, making you a coffee!


Write action (buy, fill, take, remaining, exit):
> remaining

The coffee machine has:
50 of water
465 of milk
100 of coffee beans
8 of disposable cups
$557 of money

Write action (buy, fill, take, remaining, exit):
> buy

What do you want to buy? 1 - espresso, 2 - latte, 3 - cappuccino, back - to main menu:
> 2
Sorry, not enough water!


Write action (buy, fill, take, remaining, exit):
> fill

Write how many ml of water do you want to add:
> 1000
Write how many ml of milk do you want to add:
> 0
Write how many grams of coffee beans do you want to add:
> 0
Write how many disposable cups of coffee do you want to add:
> 0


Write action (buy, fill, take, remaining, exit):
> remaining

The coffee machine has:
1050 of water
465 of milk
100 of coffee beans
8 of disposable cups
$557 of money

Write action (buy, fill, take, remaining, exit):
> buy

What do you want to buy? 1 - espresso, 2 - latte, 3 - cappuccino, back - to main menu:
> 2
I have enough resources, making you a coffee!


Write action (buy, fill, take, remaining, exit):
> remaining

The coffee machine has:
700 of water
390 of milk
80 of coffee beans
7 of disposable cups
$564 of money

Write action (buy, fill, take, remaining, exit):
> take

I gave you $564

Write action (buy, fill, take, remaining, exit):
> remaining

The coffee machine has:
700 of water
390 of milk
80 of coffee beans
7 of disposable cups
$0 of money

Write action (buy, fill, take, remaining, exit):
> exit

?[1;31m
Start test 8?[0m

Write action (buy, fill, take, remaining, exit):
?[1;31m
Start test 9?[0m

Write action (buy, fill, take, remaining, exit):
> buy

What do you want to buy? 1 - espresso, 2 - latte, 3 - cappuccino, back - to main menu:
> 2
I have enough resources, making you a coffee!


Write action (buy, fill, take, remaining, exit):
> buy

What do you want to buy? 1 - espresso, 2 - latte, 3 - cappuccino, back - to main menu:
> 2
Sorry, not enough water!


Write action (buy, fill, take, remaining, exit):
?[1;31m
Start test 10?[0m

Write action (buy, fill, take, remaining, exit):
> fill

Write how many ml of water do you want to add:
> 2750
Write how many ml of milk do you want to add:
> 260
Write how many grams of coffee beans do you want to add:
> 68
Write how many disposable cups of coffee do you want to add:
> 3


Write action (buy, fill, take, remaining, exit):
> remaining

The coffee machine has:
3150 of water
800 of milk
188 of coffee beans
12 of disposable cups
$550 of money

Write action (buy, fill, take, remaining, exit):
?[1;31m
Start test 11?[0m

Write action (buy, fill, take, remaining, exit):
> exit

]]></system-out>
  <system-err><![CDATA[]]></system-err>
</testsuite>
